0 info it worked if it ends with ok
1 verbose cli [ 'C:\\Program Files\\nodejs\\node.exe',
1 verbose cli   'C:\\Users\\Jun\\AppData\\Roaming\\npm\\node_modules\\npm\\bin\\npm-cli.js',
1 verbose cli   'start' ]
2 info using npm@3.10.9
3 info using node@v6.9.1
4 verbose run-script [ 'prestart', 'start', 'poststart' ]
5 info lifecycle mongoose_tutorial@1.0.0~prestart: mongoose_tutorial@1.0.0
6 silly lifecycle mongoose_tutorial@1.0.0~prestart: no script for prestart, continuing
7 info lifecycle mongoose_tutorial@1.0.0~start: mongoose_tutorial@1.0.0
8 verbose lifecycle mongoose_tutorial@1.0.0~start: unsafe-perm in lifecycle true
9 verbose lifecycle mongoose_tutorial@1.0.0~start: PATH: C:\Users\Jun\AppData\Roaming\npm\node_modules\npm\bin\node-gyp-bin;C:\Users\Jun\Desktop\photo_\node_modules\.bin;C:\Program Files\Java\jdk1.8.0_111\bin;C:\ProgramData\Oracle\Java\javapath;C:\oraclexe\app\oracle\product\10.2.0\server\bin;C:\Windows\system32;C:\Windows;C:\Windows\System32\Wbem;C:\Windows\System32\WindowsPowerShell\v1.0\;C:\Program Files\nodejs\;C:\Program Files\MongoDB\Server\3.2\bin;C:\Program Files (x86)\Heroku\bin;C:\Program Files (x86)\git\cmd;C:\Program Files (x86)\Git\cmd;C:\Users\Jun\AppData\Roaming\npm
10 verbose lifecycle mongoose_tutorial@1.0.0~start: CWD: C:\Users\Jun\Desktop\photo_
11 silly lifecycle mongoose_tutorial@1.0.0~start: Args: [ '/d /s /c', 'node app.js' ]
12 verbose stack Error: kill ENOSYS
12 verbose stack     at exports._errnoException (util.js:1026:11)
12 verbose stack     at process.kill (internal/process.js:172:13)
12 verbose stack     at process.listener (C:\Users\Jun\AppData\Roaming\npm\node_modules\npm\node_modules\npmlog\node_modules\gauge\node_modules\signal-exit\index.js:86:15)
12 verbose stack     at emitNone (events.js:91:20)
12 verbose stack     at process.emit (events.js:185:7)
12 verbose stack     at processEmit (C:\Users\Jun\AppData\Roaming\npm\node_modules\npm\node_modules\npmlog\node_modules\gauge\node_modules\signal-exit\index.js:146:32)
12 verbose stack     at processEmit (C:\Users\Jun\AppData\Roaming\npm\node_modules\npm\node_modules\npm-registry-client\node_modules\npmlog\node_modules\gauge\node_modules\signal-exit\index.js:146:32)
12 verbose stack     at Signal.wrap.onsignal (internal/process.js:199:44)
13 verbose cwd C:\Users\Jun\Desktop\photo_
14 error Windows_NT 6.1.7601
15 error argv "C:\\Program Files\\nodejs\\node.exe" "C:\\Users\\Jun\\AppData\\Roaming\\npm\\node_modules\\npm\\bin\\npm-cli.js" "start"
16 error node v6.9.1
17 error npm  v3.10.9
18 error code ENOSYS
19 error errno ENOSYS
20 error syscall kill
21 error kill ENOSYS
22 error If you need help, you may report this error at:
22 error     <https://github.com/npm/npm/issues>
23 verbose exit [ 1, true ]
